<?xml version="1.0" encoding="UTF-8"?>
<!-- Generated by org.testng.reporters.JUnitReportReporter -->
<testsuite hostname="G2-500ss-efi" failures="0" tests="1" name="com.rmg.projecttest.PostRequestAddProjectTest" time="3.172" errors="0" timestamp="25 Sep 2021 15:02:24 GMT">
  <testcase classname="com.rmg.projecttest.PostRequestAddProjectTest" name="createProject" time="3.172"/>
</testsuite> <!-- com.rmg.projecttest.PostRequestAddProjectTest -->
