<?xml version="1.0" encoding="UTF-8"?>
<!-- Generated by org.testng.reporters.JUnitReportReporter -->
<testsuite hostname="G2-500ss-efi" failures="0" tests="1" name="ParametersAndAuthentication.BasicAuth" time="2.359" errors="0" timestamp="28 Sep 2021 05:24:48 GMT">
  <testcase classname="ParametersAndAuthentication.BasicAuth" name="basicAuth" time="2.359"/>
</testsuite> <!-- ParametersAndAuthentication.BasicAuth -->
