<?xml version="1.0" encoding="UTF-8"?>
<!-- Generated by org.testng.reporters.JUnitReportReporter -->
<testsuite hostname="G2-500ss-efi" failures="0" tests="1" name="com.rmg.projecttest.CreateProjectUsingPojo" time="2.838" errors="0" timestamp="27 Sep 2021 08:40:26 GMT">
  <testcase classname="com.rmg.projecttest.CreateProjectUsingPojo" name="createProjectUsingPojo" time="2.838"/>
</testsuite> <!-- com.rmg.projecttest.CreateProjectUsingPojo -->
