<?xml version="1.0" encoding="UTF-8"?>
<!-- Generated by org.testng.reporters.JUnitReportReporter -->
<testsuite hostname="G2-500ss-efi" failures="0" tests="1" name="ParametersAndAuthentication.QueryParameter" time="4.379" errors="0" timestamp="27 Sep 2021 17:30:45 GMT">
  <testcase classname="ParametersAndAuthentication.QueryParameter" name="giveQueryParameter" time="4.379"/>
</testsuite> <!-- ParametersAndAuthentication.QueryParameter -->
