<?xml version="1.0" encoding="UTF-8"?>
<!-- Generated by org.testng.reporters.JUnitReportReporter -->
<testsuite hostname="G2-500ss-efi" failures="0" tests="2" name="com.rmg.projecttest.CreateProjectWithMultipleData" time="4.327" errors="0" timestamp="27 Sep 2021 16:50:00 GMT">
  <testcase classname="com.rmg.projecttest.CreateProjectWithMultipleData" name="createProjectWithMultipleData" time="4.229"/>
  <testcase classname="com.rmg.projecttest.CreateProjectWithMultipleData" name="createProjectWithMultipleData" time="0.098"/>
</testsuite> <!-- com.rmg.projecttest.CreateProjectWithMultipleData -->
