<?xml version="1.0" encoding="UTF-8"?>
<!-- Generated by org.testng.reporters.JUnitReportReporter -->
<testsuite hostname="G2-500ss-efi" failures="0" tests="1" name="com.rmg.projecttest.UpdateProjectUsingBDDTest" time="3.126" errors="0" timestamp="26 Sep 2021 17:49:04 GMT">
  <testcase classname="com.rmg.projecttest.UpdateProjectUsingBDDTest" name="updateProjects" time="3.126"/>
</testsuite> <!-- com.rmg.projecttest.UpdateProjectUsingBDDTest -->
