<?xml version="1.0" encoding="UTF-8"?>
<!-- Generated by org.testng.reporters.JUnitReportReporter -->
<testsuite hostname="G2-500ss-efi" failures="0" tests="1" name="ParametersAndAuthentication.PathParameter" time="3.168" errors="0" timestamp="27 Sep 2021 17:26:21 GMT">
  <testcase classname="ParametersAndAuthentication.PathParameter" name="givePathParameter" time="3.168"/>
</testsuite> <!-- ParametersAndAuthentication.PathParameter -->
