<?xml version="1.0" encoding="UTF-8"?>
<!-- Generated by org.testng.reporters.JUnitReportReporter -->
<testsuite hostname="G2-500ss-efi" failures="0" tests="1" name="com.rmg.projecttest.DeleteProjectTest" time="2.011" errors="0" timestamp="25 Sep 2021 15:09:59 GMT">
  <testcase classname="com.rmg.projecttest.DeleteProjectTest" name="deleteProject" time="2.011"/>
</testsuite> <!-- com.rmg.projecttest.DeleteProjectTest -->
