<?xml version="1.0" encoding="UTF-8"?>
<!-- Generated by org.testng.reporters.JUnitReportReporter -->
<testsuite hostname="G2-500ss-efi" failures="0" tests="1" name="com.rmg.projecttest.PostRequestAddProject" time="6.402" errors="0" timestamp="25 Sep 2021 07:01:56 GMT">
  <testcase classname="com.rmg.projecttest.PostRequestAddProject" name="createProject" time="6.402"/>
</testsuite> <!-- com.rmg.projecttest.PostRequestAddProject -->
