<?xml version="1.0" encoding="UTF-8"?>
<!-- Generated by org.testng.reporters.JUnitReportReporter -->
<testsuite hostname="G2-500ss-efi" failures="0" tests="1" name="ComplexRequestResponse.ValidateStaticResponse" time="5.073" errors="0" timestamp="27 Sep 2021 17:05:24 GMT">
  <testcase classname="ComplexRequestResponse.ValidateStaticResponse" name="validateStaticResponse" time="5.073"/>
</testsuite> <!-- ComplexRequestResponse.ValidateStaticResponse -->
