<?xml version="1.0" encoding="UTF-8"?>
<!-- Generated by org.testng.reporters.JUnitReportReporter -->
<testsuite hostname="G2-500ss-efi" failures="0" tests="1" name="com.rmg.projecttest.UpdateProjectNameTest" time="2.721" errors="0" timestamp="25 Sep 2021 15:05:23 GMT">
  <testcase classname="com.rmg.projecttest.UpdateProjectNameTest" name="updaterequestprojects" time="2.721"/>
</testsuite> <!-- com.rmg.projecttest.UpdateProjectNameTest -->
