<?xml version="1.0" encoding="UTF-8"?>
<!-- Generated by org.testng.reporters.JUnitReportReporter -->
<testsuite hostname="G2-500ss-efi" failures="0" tests="1" name="ParametersAndAuthentication.oAuthAuthentication" time="4.509" errors="0" timestamp="28 Sep 2021 06:07:30 GMT">
  <testcase classname="ParametersAndAuthentication.oAuthAuthentication" name="oauthAuthentication" time="4.509"/>
</testsuite> <!-- ParametersAndAuthentication.oAuthAuthentication -->
