<?xml version="1.0" encoding="UTF-8"?>
<!-- Generated by org.testng.reporters.JUnitReportReporter -->
<testsuite hostname="G2-500ss-efi" failures="0" tests="1" name="com.rmg.projecttest.SampleAllPorjectsTest" time="2.471" errors="0" timestamp="24 Sep 2021 05:47:30 GMT">
  <testcase classname="com.rmg.projecttest.SampleAllPorjectsTest" name="getAllProject" time="2.471"/>
</testsuite> <!-- com.rmg.projecttest.SampleAllPorjectsTest -->
