<?xml version="1.0" encoding="UTF-8"?>
<!-- Generated by org.testng.reporters.JUnitReportReporter -->
<testsuite hostname="G2-500ss-efi" failures="0" tests="1" name="com.rmg.projecttest.GetProjectsUsingBddTest" time="2.950" errors="0" timestamp="28 Sep 2021 06:48:54 GMT">
  <testcase classname="com.rmg.projecttest.GetProjectsUsingBddTest" name="getProjectsBDD" time="2.950"/>
</testsuite> <!-- com.rmg.projecttest.GetProjectsUsingBddTest -->
