<?xml version="1.0" encoding="UTF-8"?>
<!-- Generated by org.testng.reporters.JUnitReportReporter -->
<testsuite hostname="G2-500ss-efi" failures="0" tests="1" name="ParametersAndAuthentication.BearerToken" time="4.685" errors="0" timestamp="28 Sep 2021 06:12:25 GMT">
  <testcase classname="ParametersAndAuthentication.BearerToken" name="bearerTokern" time="4.685"/>
</testsuite> <!-- ParametersAndAuthentication.BearerToken -->
