<?xml version="1.0" encoding="UTF-8"?>
<!-- Generated by org.testng.reporters.JUnitReportReporter -->
<testsuite hostname="G2-500ss-efi" failures="0" tests="1" name="ComplexRequestResponse.ValidateDynamicResponse" time="4.942" errors="0" timestamp="27 Sep 2021 17:16:51 GMT">
  <testcase classname="ComplexRequestResponse.ValidateDynamicResponse" name="validateDynamicResponse" time="4.942"/>
</testsuite> <!-- ComplexRequestResponse.ValidateDynamicResponse -->
