<?xml version="1.0" encoding="UTF-8"?>
<!-- Generated by org.testng.reporters.JUnitReportReporter -->
<testsuite hostname="G2-500ss-efi" failures="0" tests="1" name="com.rmg.projecttest.CreatingProjectWithJson" time="2.439" errors="0" timestamp="27 Sep 2021 08:18:01 GMT">
  <testcase classname="com.rmg.projecttest.CreatingProjectWithJson" name="createProjectWithJson" time="2.439"/>
</testsuite> <!-- com.rmg.projecttest.CreatingProjectWithJson -->
